[2024-11-27T11:05:00.241+0000] {manager.py:483} INFO - Processing files using up to 2 processes at a time 
[2024-11-27T11:05:00.243+0000] {manager.py:484} INFO - Process each file at most once every 30 seconds
[2024-11-27T11:05:00.245+0000] {manager.py:485} INFO - Checking for new files in /opt/airflow/dags every 300 seconds
[2024-11-27T11:05:00.246+0000] {manager.py:821} INFO - Searching for files in /opt/airflow/dags
[2024-11-27T11:05:01.270+0000] {manager.py:824} INFO - There are 2 files in /opt/airflow/dags
[2024-11-27T11:05:01.422+0000] {manager.py:997} INFO - 
================================================================================
DAG File Processing Stats

File Path                                                                        PID  Runtime      # DAGs    # Errors  Last Runtime    Last Run      Last # of DB Queries
-----------------------------------------------------------------------------  -----  ---------  --------  ----------  --------------  ----------  ----------------------
/opt/airflow/dags/test_dag.py                                                     69  0.05s             0           0                                                   0
/opt/airflow/dags/dbt/caspar_health_dbt_cosmos/tests/dags/test_dag_example.py     70  0.04s             0           0                                                   0
================================================================================
[2024-11-27T11:05:31.929+0000] {manager.py:997} INFO - 
================================================================================
DAG File Processing Stats

File Path                                                                        PID  Runtime      # DAGs    # Errors  Last Runtime    Last Run               Last # of DB Queries
-----------------------------------------------------------------------------  -----  ---------  --------  ----------  --------------  -------------------  ----------------------
/opt/airflow/dags/test_dag.py                                                     77  0.03s             0           1  0.17s           2024-11-27T11:05:01                       3
/opt/airflow/dags/dbt/caspar_health_dbt_cosmos/tests/dags/test_dag_example.py     78  0.00s             0           1  0.17s           2024-11-27T11:05:01                       3
================================================================================
[2024-11-27T11:06:02.352+0000] {manager.py:997} INFO - 
================================================================================
DAG File Processing Stats

File Path                                                                        PID  Runtime      # DAGs    # Errors  Last Runtime    Last Run               Last # of DB Queries
-----------------------------------------------------------------------------  -----  ---------  --------  ----------  --------------  -------------------  ----------------------
/opt/airflow/dags/test_dag.py                                                     85  0.03s             0           1  0.13s           2024-11-27T11:05:32                       5
/opt/airflow/dags/dbt/caspar_health_dbt_cosmos/tests/dags/test_dag_example.py     86  0.01s             0           1  0.13s           2024-11-27T11:05:32                       5
================================================================================
[2024-11-27T11:06:32.864+0000] {manager.py:997} INFO - 
================================================================================
DAG File Processing Stats

File Path                                                                        PID  Runtime      # DAGs    # Errors  Last Runtime    Last Run               Last # of DB Queries
-----------------------------------------------------------------------------  -----  ---------  --------  ----------  --------------  -------------------  ----------------------
/opt/airflow/dags/test_dag.py                                                     93  0.03s             0           1  0.16s           2024-11-27T11:06:02                       5
/opt/airflow/dags/dbt/caspar_health_dbt_cosmos/tests/dags/test_dag_example.py     94  0.01s             0           1  0.15s           2024-11-27T11:06:02                       5
================================================================================
[2024-11-27T11:07:03.495+0000] {manager.py:997} INFO - 
================================================================================
DAG File Processing Stats

File Path                                                                        PID  Runtime      # DAGs    # Errors  Last Runtime    Last Run               Last # of DB Queries
-----------------------------------------------------------------------------  -----  ---------  --------  ----------  --------------  -------------------  ----------------------
/opt/airflow/dags/test_dag.py                                                    101  0.15s             0           1  0.23s           2024-11-27T11:06:33                       5
/opt/airflow/dags/dbt/caspar_health_dbt_cosmos/tests/dags/test_dag_example.py    102  0.01s             0           1  0.22s           2024-11-27T11:06:33                       5
================================================================================
[2024-11-27T11:07:33.970+0000] {manager.py:997} INFO - 
================================================================================
DAG File Processing Stats

File Path                                                                        PID  Runtime      # DAGs    # Errors  Last Runtime    Last Run               Last # of DB Queries
-----------------------------------------------------------------------------  -----  ---------  --------  ----------  --------------  -------------------  ----------------------
/opt/airflow/dags/dbt/caspar_health_dbt_cosmos/tests/dags/test_dag_example.py                           0           1  0.85s           2024-11-27T11:07:04                       5
/opt/airflow/dags/test_dag.py                                                    109  0.06s             0           1  0.57s           2024-11-27T11:07:03                       5
================================================================================
[2024-11-27T11:08:04.763+0000] {manager.py:997} INFO - 
================================================================================
DAG File Processing Stats

File Path                                                                        PID  Runtime      # DAGs    # Errors  Last Runtime    Last Run               Last # of DB Queries
-----------------------------------------------------------------------------  -----  ---------  --------  ----------  --------------  -------------------  ----------------------
/opt/airflow/dags/test_dag.py                                                    117  0.01s             0           1  0.17s           2024-11-27T11:07:34                       5
/opt/airflow/dags/dbt/caspar_health_dbt_cosmos/tests/dags/test_dag_example.py                           0           1  0.13s           2024-11-27T11:07:35                       5
================================================================================
[2024-11-27T11:08:35.141+0000] {manager.py:997} INFO - 
================================================================================
DAG File Processing Stats

File Path                                                                        PID  Runtime      # DAGs    # Errors  Last Runtime    Last Run               Last # of DB Queries
-----------------------------------------------------------------------------  -----  ---------  --------  ----------  --------------  -------------------  ----------------------
/opt/airflow/dags/test_dag.py                                                    125  0.01s             0           1  0.12s           2024-11-27T11:08:04                       5
/opt/airflow/dags/dbt/caspar_health_dbt_cosmos/tests/dags/test_dag_example.py                           0           1  0.10s           2024-11-27T11:08:05                       5
================================================================================
